<?xml version="1.0" encoding="UTF-8"?>
<!-- Generated by org.testng.reporters.JUnitReportReporter -->
<testsuite skipped="0" hostname="Sandeeps-MacBook-Air.local" name="com.qa.newtours.tests.RegistrationPageTests" tests="1" failures="0" timestamp="20 Nov 2019 10:39:15 GMT" time="13.042" errors="0">
  <testcase name="verifyUserRegistrationTest" time="13.042" classname="com.qa.newtours.tests.RegistrationPageTests"/>
</testsuite> <!-- com.qa.newtours.tests.RegistrationPageTests -->
