<?xml version="1.0" encoding="UTF-8"?>
<!-- Generated by org.testng.reporters.JUnitReportReporter -->
<testsuite skipped="0" hostname="Sandeeps-MacBook-Air.local" name="com.qa.newtours.tests.RegistrationPageTests" tests="2" failures="0" timestamp="20 Nov 2019 11:25:55 GMT" time="26.596" errors="0">
  <testcase name="verifyUserRegistrationTest" time="17.453" classname="com.qa.newtours.tests.RegistrationPageTests"/>
  <testcase name="verifyRegistrationPageTitleTest" time="9.143" classname="com.qa.newtours.tests.RegistrationPageTests"/>
</testsuite> <!-- com.qa.newtours.tests.RegistrationPageTests -->
